  glad.c
  cube.cpp
  frustum.cpp
  glslprogram.cpp
  glutils.cpp
  grid.cpp
C:\Dependencies\Resub\Project_Template\COMP3015CW2-ReSub\Project_Template\helper\grid.cpp(9,26): warning C4101: 'z': unreferenced local variable
C:\Dependencies\Resub\Project_Template\COMP3015CW2-ReSub\Project_Template\helper\grid.cpp(9,13): warning C4101: 'x': unreferenced local variable
  objmesh.cpp
C:\Dependencies\Resub\Project_Template\COMP3015CW2-ReSub\Project_Template\helper\objmesh.cpp(188,43): warning C4267: '+=': conversion from 'size_t' to 'int', possible loss of data
C:\Dependencies\Resub\Project_Template\COMP3015CW2-ReSub\Project_Template\helper\objmesh.cpp(194,50): warning C4267: '+=': conversion from 'size_t' to 'int', possible loss of data
C:\Dependencies\Resub\Project_Template\COMP3015CW2-ReSub\Project_Template\helper\objmesh.cpp(198,45): warning C4267: '+=': conversion from 'size_t' to 'int', possible loss of data
  plane.cpp
  skybox.cpp
  stb_image.cpp
  teapot.cpp
  texture.cpp
  torus.cpp
  trianglemesh.cpp
  main.cpp
  scenebasic_uniform.cpp
C:\Dependencies\Resub\Project_Template\COMP3015CW2-ReSub\Project_Template\scenebasic_uniform.cpp(148,23): warning C4018: '<': signed/unsigned mismatch
LINK : warning LNK4098: defaultlib 'MSVCRTD' conflicts with use of other libs; use /NODEFAULTLIB:library
  Generating code
  Previous IPDB not found, fall back to full compilation.
  All 1322 functions were compiled because no usable IPDB/IOBJ from previous compilation was found.
  Finished generating code
  Project_Template.vcxproj -> C:\Dependencies\Resub\Project_Template\COMP3015CW2-ReSub\Project_Template\x64\Release\Project_Template.exe
